
Showing logs for build [32mcb-kubecd-bdd-ghfjxy-1568885046-wws5g-1[0m stage [32mrun-make[0m and container [32mstep-credential-initializer-rd8qw[0m
{"level":"warn","ts":1568887641.9840877,"logger":"fallback-logger","caller":"logging/config.go:69","msg":"Fetch GitHub commit ID from kodata failed: \"ref: refs/heads/master\" is not a valid GitHub commit ID"}
{"level":"info","ts":1568887641.9848073,"logger":"fallback-logger","caller":"creds-init/main.go:40","msg":"Credentials initialized."}

Showing logs for build [32mcb-kubecd-bdd-ghfjxy-1568885046-wws5g-1[0m stage [32mrun-make[0m and container [32mstep-working-dir-initializer-8zlhj[0m
{"level":"warn","ts":1568887642.4179409,"logger":"fallback-logger","caller":"logging/config.go:69","msg":"Fetch GitHub commit ID from kodata failed: open /var/run/ko/HEAD: no such file or directory"}
{"level":"info","ts":1568887642.420066,"logger":"fallback-logger","caller":"bash/main.go:65","msg":"Successfully executed command \"mkdir -p /workspace/source\""}

Showing logs for build [32mcb-kubecd-bdd-ghfjxy-1568885046-wws5g-1[0m stage [32mrun-make[0m and container [32mstep-place-tools[0m

Showing logs for build [32mcb-kubecd-bdd-ghfjxy-1568885046-wws5g-1[0m stage [32mrun-make[0m and container [32mstep-git-source-cb-kubecd-bdd-ghfjxy-1568885046-hxvkn[0m
{"level":"warn","ts":1568887648.5840676,"logger":"fallback-logger","caller":"logging/config.go:69","msg":"Fetch GitHub commit ID from kodata failed: \"ref: refs/heads/master\" is not a valid GitHub commit ID"}
{"level":"info","ts":1568887649.620379,"logger":"fallback-logger","caller":"git/git.go:102","msg":"Successfully cloned https://github.com/cb-kubecd/bdd-ghf**y-1568885046.git @ 864fd82a6f3fc3fc0675a9d0504a9c13a6f31549 in path /workspace/source"}

Showing logs for build [32mcb-kubecd-bdd-ghfjxy-1568885046-wws5g-1[0m stage [32mrun-make[0m and container [32mstep-git-merge[0m
Using SHAs from PULL_REFS=master:3e051b7ce7747274a0fc555c5bd79ae254519cc1,1:864fd82a6f3fc3fc0675a9d0504a9c13a6f31549
DEBUG: ran git fetch --unshallow origin 864fd82a6f3fc3fc0675a9d0504a9c13a6f31549: 3e051b7ce7747274a0fc555c5bd79ae254519cc1: in 
DEBUG: ran git checkout master in 
DEBUG: ran git reset --hard 3e051b7ce7747274a0fc555c5bd79ae254519cc1 in 
DEBUG: ran clean --force -d . in 
DEBUG: ran git merge 864fd82a6f3fc3fc0675a9d0504a9c13a6f31549 in 
Merged SHA 864fd82a6f3fc3fc0675a9d0504a9c13a6f31549 with commit message 'My first PR commit' into base branch master

Showing logs for build [32mcb-kubecd-bdd-ghfjxy-1568885046-wws5g-1[0m stage [32mrun-make[0m and container [32mstep-build-make-linux[0m
CGO_ENABLED=0 GOOS=linux GOARCH=amd64 GO15VENDOREXPERIMENT=1 go build -ldflags '' -o bin/bdd-ghf**y-1568885046 main.go

Showing logs for build [32mcb-kubecd-bdd-ghfjxy-1568885046-wws5g-1[0m stage [32mrun-make[0m and container [32mstep-source-mkdir-cb-kubecd-bdd-ghfjxy-1568885046-nw9bf[0m
{"level":"warn","ts":1568887658.5829794,"logger":"fallback-logger","caller":"logging/config.go:69","msg":"Fetch GitHub commit ID from kodata failed: open /var/run/ko/HEAD: no such file or directory"}
{"level":"info","ts":1568887658.61579,"logger":"fallback-logger","caller":"bash/main.go:65","msg":"Successfully executed command \"mkdir -p /pvc/run-make/workspace\""}

Showing logs for build [32mcb-kubecd-bdd-ghfjxy-1568885046-wws5g-1[0m stage [32mrun-make[0m and container [32mstep-source-copy-cb-kubecd-bdd-ghfjxy-1568885046-m96pk[0m
{"level":"warn","ts":1568887658.842658,"logger":"fallback-logger","caller":"logging/config.go:69","msg":"Fetch GitHub commit ID from kodata failed: open /var/run/ko/HEAD: no such file or directory"}
{"level":"info","ts":1568887658.858288,"logger":"fallback-logger","caller":"bash/main.go:65","msg":"Successfully executed command \"cp -r /workspace/source/. /pvc/run-make/workspace\""}

Showing logs for build [32mcb-kubecd-bdd-ghfjxy-1568885046-wws5g-1[0m stage [32meverything-else[0m and container [32mstep-credential-initializer-gvb2n[0m
{"level":"warn","ts":1568887679.2313673,"logger":"fallback-logger","caller":"logging/config.go:69","msg":"Fetch GitHub commit ID from kodata failed: \"ref: refs/heads/master\" is not a valid GitHub commit ID"}
{"level":"info","ts":1568887679.232041,"logger":"fallback-logger","caller":"creds-init/main.go:40","msg":"Credentials initialized."}

Showing logs for build [32mcb-kubecd-bdd-ghfjxy-1568885046-wws5g-1[0m stage [32meverything-else[0m and container [32mstep-working-dir-initializer-8mhvr[0m
{"level":"warn","ts":1568887680.1759815,"logger":"fallback-logger","caller":"logging/config.go:69","msg":"Fetch GitHub commit ID from kodata failed: open /var/run/ko/HEAD: no such file or directory"}
{"level":"info","ts":1568887680.1786032,"logger":"fallback-logger","caller":"bash/main.go:65","msg":"Successfully executed command \"mkdir -p /workspace/source /workspace/source/charts/preview\""}

Showing logs for build [32mcb-kubecd-bdd-ghfjxy-1568885046-wws5g-1[0m stage [32meverything-else[0m and container [32mstep-place-tools[0m

Showing logs for build [32mcb-kubecd-bdd-ghfjxy-1568885046-wws5g-1[0m stage [32meverything-else[0m and container [32mstep-create-dir-workspace-xm8xt[0m
{"level":"warn","ts":1568887686.3592005,"logger":"fallback-logger","caller":"logging/config.go:69","msg":"Fetch GitHub commit ID from kodata failed: open /var/run/ko/HEAD: no such file or directory"}
{"level":"info","ts":1568887686.3618245,"logger":"fallback-logger","caller":"bash/main.go:65","msg":"Successfully executed command \"mkdir -p /workspace/source\""}

Showing logs for build [32mcb-kubecd-bdd-ghfjxy-1568885046-wws5g-1[0m stage [32meverything-else[0m and container [32mstep-source-copy-workspace-lmp2p[0m
{"level":"warn","ts":1568887686.6621065,"logger":"fallback-logger","caller":"logging/config.go:69","msg":"Fetch GitHub commit ID from kodata failed: open /var/run/ko/HEAD: no such file or directory"}
{"level":"info","ts":1568887687.0257661,"logger":"fallback-logger","caller":"bash/main.go:65","msg":"Successfully executed command \"cp -r /pvc/run-make/workspace/. /workspace/source\""}

Showing logs for build [32mcb-kubecd-bdd-ghfjxy-1568885046-wws5g-1[0m stage [32meverything-else[0m and container [32mstep-build-container-build[0m
[36mINFO[0m[0000] No base image, nothing to extract            
[36mINFO[0m[0000] cmd: EXPOSE                                  
[36mINFO[0m[0000] Adding exposed port: 8080/tcp                
[36mINFO[0m[0000] Using files from context: [/workspace/source/bin] 
[36mINFO[0m[0000] Skipping unpacking as no commands require it. 
[36mINFO[0m[0000] Taking snapshot of full filesystem...        
[36mINFO[0m[0000] EXPOSE 8080                                  
[36mINFO[0m[0000] cmd: EXPOSE                                  
[36mINFO[0m[0000] Adding exposed port: 8080/tcp                
[36mINFO[0m[0000] No files changed in this command, skipping snapshotting. 
[36mINFO[0m[0000] ENTRYPOINT ["/bdd-ghf**y-1568885046"]        
[36mINFO[0m[0000] No files changed in this command, skipping snapshotting. 
[36mINFO[0m[0000] Using files from context: [/workspace/source/bin] 
[36mINFO[0m[0000] COPY ./bin/ /                                
[36mINFO[0m[0000] Taking snapshot of files...                  
2019/09/19 10:08:12 pushed blob: sha256:505f11555c1439dcc97b286fc2598250dab8cfd4b7ac0c7cba4ae74908aa7b6a
2019/09/19 10:08:12 pushed blob: sha256:81ce931a401de562a89c792ccd33c39c32d47770c82dbfc9b75c7d12bbd934d3
2019/09/19 10:08:14 gcr.io/jenkins-x-bdd3/bdd-ghf**y-1568885046:0.0.0-SNAPSHOT-PR-1-1: digest: sha256:c827bc1f387e4923ecde263f3a3d759c7cfa0e710df9e3e738da3e0e7fecf578 size: 428

Showing logs for build [32mcb-kubecd-bdd-ghfjxy-1568885046-wws5g-1[0m stage [32meverything-else[0m and container [32mstep-postbuild-post-build[0m
no CVE provider running in the current ** namespace so skip adding image to be analysed

Showing logs for build [32mcb-kubecd-bdd-ghfjxy-1568885046-wws5g-1[0m stage [32meverything-else[0m and container [32mstep-promote-make-preview[0m
sed -i -e "s/version:.*/version: 0.0.0-SNAPSHOT-PR-1-1/" Chart.yaml
sed -i -e "s/version:.*/version: 0.0.0-SNAPSHOT-PR-1-1/" ../*/Chart.yaml
sed -i -e "s|repository:.*|repository: gcr.io\/jenkins-x-bdd3\/bdd-ghf**y-1568885046|" values.yaml
sed -i -e "s/tag:.*/tag: 0.0.0-SNAPSHOT-PR-1-1/" values.yaml
echo "  version: 0.0.0-SNAPSHOT-PR-1-1" >> requirements.yaml
** step helm build
WARNING: No $CHART_REPOSITORY defined so using the default value of: http://jenkins-x-chartmuseum:8080
Adding missing Helm repo: storage.googleapis.com https://storage.googleapis.com/chartmuseum.jenkins-x.io
Read credentials for https://storage.googleapis.com/chartmuseum.jenkins-x.io from vault helm/repos
Successfully added Helm repository storage.googleapis.com.
Adding missing Helm repo: jenkins-x-chartmuseum http://jenkins-x-chartmuseum:8080
Read credentials for http://jenkins-x-chartmuseum:8080 from vault helm/repos
Successfully added Helm repository jenkins-x-chartmuseum.
WARNING: No $CHART_REPOSITORY defined so using the default value of: http://jenkins-x-chartmuseum:8080
Adding missing Helm repo: chartmuseum.jenkins-x.io http://chartmuseum.jenkins-x.io
Read credentials for http://chartmuseum.jenkins-x.io from vault helm/repos
Successfully added Helm repository chartmuseum.jenkins-x.io.

Showing logs for build [32mcb-kubecd-bdd-ghfjxy-1568885046-wws5g-1[0m stage [32meverything-else[0m and container [32mstep-promote-jx-preview[0m
Creating a preview
WARNING: No author for commit: 864fd82a6f3fc3fc0675a9d0504a9c13a6f31549
Created environment cb-kubecd-bdd-ghf**y-1568885046-pr-1
Namespace **-cb-kubecd-bdd-ghf**y-1568885046-pr-1 created 
expose:
  Annotations:
    helm.sh/hook: post-install,post-upgrade
    helm.sh/hook-delete-policy: hook-succeeded
  config:
    domain: 35.195.199.247.nip.io
    exposer: Ingress
    http: "true"
preview:
  image:
    repository: gcr.io/jenkins-x-bdd3/bdd-ghf**y-1568885046
    tag: 0.0.0-SNAPSHOT-PR-1-1
Deleting and cloning the Jenkins X versions repo
Cloning the Jenkins X versions repo https://github.com/cloudbees/cloudbees-jenkins-x-versions.git with revision 76cadb7d60a97d68d51d5f91f18630db7f1cb1ad to /builder/home/.**/jenkins-x-versions
From https://github.com/cloudbees/cloudbees-jenkins-x-versions
 * branch            76cadb7d60a97d68d51d5f91f18630db7f1cb1ad -> FETCH_HEAD


Updating PipelineActivities cb-kubecd-bdd-ghf**y-1568885046-pr-1-1 which has status Running
Preview application is now available at: http://bdd-ghf**y-1568885046.**-cb-kubecd-bdd-ghf**y-1568885046-pr-1.35.195.199.247.nip.io
